<?xml version="1.0" encoding="UTF-8"?>
<testng-results skipped="0" failed="0" ignored="0" total="1" passed="1">
  <reporter-output>
  </reporter-output>
  <suite name="Default suite" duration-ms="25037" started-at="2019-04-06T10:01:00Z" finished-at="2019-04-06T10:01:25Z">
    <groups>
    </groups>
    <test name="Default test" duration-ms="25037" started-at="2019-04-06T10:01:00Z" finished-at="2019-04-06T10:01:25Z">
      <class name="com.zoopla.tests.ZooplaTest">
        <test-method status="PASS" signature="init()[pri:0, instance:com.zoopla.tests.ZooplaTest@3d74bf60]" name="init" is-config="true" duration-ms="12035" started-at="2019-04-06T10:00:48Z" finished-at="2019-04-06T10:01:00Z">
          <reporter-output>
          </reporter-output>
        </test-method> <!-- init -->
        <test-method status="PASS" signature="zooplaTest(java.util.Hashtable)[pri:0, instance:com.zoopla.tests.ZooplaTest@3d74bf60]" name="zooplaTest" duration-ms="24998" started-at="2019-04-06T10:01:00Z" data-provider="dp" finished-at="2019-04-06T10:01:25Z">
          <params>
            <param index="0">
              <value>
                <![CDATA[{Row=5, City=London}]]>
              </value>
            </param>
          </params>
          <reporter-output>
          </reporter-output>
        </test-method> <!-- zooplaTest -->
        <test-method status="PASS" signature="tearDown()[pri:0, instance:com.zoopla.tests.ZooplaTest@3d74bf60]" name="tearDown" is-config="true" duration-ms="943" started-at="2019-04-06T10:01:25Z" finished-at="2019-04-06T10:01:26Z">
          <reporter-output>
          </reporter-output>
        </test-method> <!-- tearDown -->
      </class> <!-- com.zoopla.tests.ZooplaTest -->
    </test> <!-- Default test -->
  </suite> <!-- Default suite -->
</testng-results>
